2021-03-10 16:06:17,638 - INFO - utils - Loading the datasets
2021-03-10 16:06:21,910 - INFO - utils - Data preparation
2021-03-10 16:06:23,522 - INFO - utils - 
Train set:

2021-03-10 16:06:23,872 - INFO - utils - <class 'pandas.core.frame.DataFrame'>
Int64Index: 1000000 entries, 0 to 999999
Data columns (total 9 columns):
 #   Column               Non-Null Count    Dtype 
---  ------               --------------    ----- 
 0   jobId                1000000 non-null  object
 1   companyId            1000000 non-null  object
 2   jobType              1000000 non-null  object
 3   degree               1000000 non-null  object
 4   major                1000000 non-null  object
 5   industry             1000000 non-null  object
 6   yearsExperience      1000000 non-null  int64 
 7   milesFromMetropolis  1000000 non-null  int64 
 8   salary               1000000 non-null  int64 
dtypes: int64(3), object(6)
memory usage: 76.3+ MB

2021-03-10 16:06:25,421 - INFO - utils - Train data dimesions: (999995, 7)
2021-03-10 16:06:25,421 - INFO - utils - Test data dimesions: (1000000, 6)
2021-03-10 16:06:25,421 - INFO - utils - writing the cleaned data to ./data/derived/
